TN:
SF:src/cli.ts
FN:16,getPackageVersion
FN:30,startCommand
FN:75,validateConfigCommand
FN:89,(anonymous_3)
FN:94,(anonymous_4)
FN:113,statusCommand
FN:141,(anonymous_6)
FN:156,initializeCLI
FN:175,(anonymous_8)
FN:204,(anonymous_9)
FNF:10
FNH:0
FNDA:0,getPackageVersion
FNDA:0,startCommand
FNDA:0,validateConfigCommand
FNDA:0,(anonymous_3)
FNDA:0,(anonymous_4)
FNDA:0,statusCommand
FNDA:0,(anonymous_6)
FNDA:0,initializeCLI
FNDA:0,(anonymous_8)
FNDA:0,(anonymous_9)
DA:13,0
DA:17,0
DA:18,0
DA:19,0
DA:20,0
DA:21,0
DA:23,0
DA:39,0
DA:41,0
DA:42,0
DA:44,0
DA:45,0
DA:47,0
DA:48,0
DA:50,0
DA:51,0
DA:53,0
DA:54,0
DA:56,0
DA:57,0
DA:59,0
DA:60,0
DA:61,0
DA:65,0
DA:67,0
DA:68,0
DA:78,0
DA:79,0
DA:80,0
DA:82,0
DA:83,0
DA:85,0
DA:86,0
DA:88,0
DA:89,0
DA:92,0
DA:93,0
DA:94,0
DA:97,0
DA:98,0
DA:99,0
DA:101,0
DA:102,0
DA:105,0
DA:106,0
DA:114,0
DA:115,0
DA:117,0
DA:118,0
DA:120,0
DA:121,0
DA:122,0
DA:123,0
DA:124,0
DA:125,0
DA:128,0
DA:129,0
DA:130,0
DA:136,0
DA:137,0
DA:138,0
DA:140,0
DA:141,0
DA:144,0
DA:148,0
DA:149,0
DA:157,0
DA:159,0
DA:165,0
DA:176,0
DA:183,0
DA:190,0
DA:199,0
DA:203,0
DA:204,0
DA:205,0
DA:206,0
LF:77
LH:0
BRDA:21,0,0,0
BRDA:21,0,1,0
BRDA:41,1,0,0
BRDA:44,2,0,0
BRDA:47,3,0,0
BRDA:50,4,0,0
BRDA:53,5,0,0
BRDA:56,6,0,0
BRDA:59,7,0,0
BRDA:67,8,0,0
BRDA:67,8,1,0
BRDA:79,9,0,0
BRDA:79,9,1,0
BRDA:85,10,0,0
BRDA:85,10,1,0
BRDA:92,11,0,0
BRDA:92,12,0,0
BRDA:92,12,1,0
BRDA:101,13,0,0
BRDA:105,14,0,0
BRDA:105,14,1,0
BRDA:124,15,0,0
BRDA:124,15,1,0
BRDA:125,16,0,0
BRDA:125,16,1,0
BRDA:137,17,0,0
BRDA:137,17,1,0
BRDA:144,18,0,0
BRDA:144,18,1,0
BRDA:148,19,0,0
BRDA:148,19,1,0
BRDA:203,20,0,0
BRF:32
BRH:0
end_of_record
TN:
SF:src/mcp-server.ts
FN:45,(anonymous_0)
FN:71,(anonymous_1)
FN:88,(anonymous_2)
FN:95,(anonymous_3)
FN:97,(anonymous_4)
FN:104,(anonymous_5)
FN:112,(anonymous_6)
FN:279,(anonymous_7)
FN:348,(anonymous_8)
FN:368,(anonymous_9)
FN:397,(anonymous_10)
FN:422,(anonymous_11)
FN:441,(anonymous_12)
FN:461,(anonymous_13)
FN:486,(anonymous_14)
FN:515,(anonymous_15)
FN:544,(anonymous_16)
FN:564,(anonymous_17)
FN:589,(anonymous_18)
FNF:19
FNH:19
FNDA:69,(anonymous_0)
FNDA:68,(anonymous_1)
FNDA:66,(anonymous_2)
FNDA:69,(anonymous_3)
FNDA:6,(anonymous_4)
FNDA:63,(anonymous_5)
FNDA:6,(anonymous_6)
FNDA:63,(anonymous_7)
FNDA:12,(anonymous_8)
FNDA:9,(anonymous_9)
FNDA:6,(anonymous_10)
FNDA:2,(anonymous_11)
FNDA:4,(anonymous_12)
FNDA:7,(anonymous_13)
FNDA:3,(anonymous_14)
FNDA:4,(anonymous_15)
FNDA:4,(anonymous_16)
FNDA:4,(anonymous_17)
FNDA:4,(anonymous_18)
DA:5,2
DA:6,2
DA:15,2
DA:16,2
DA:17,2
DA:36,2
DA:43,69
DA:46,69
DA:47,69
DA:48,69
DA:49,69
DA:50,69
DA:53,69
DA:65,69
DA:72,68
DA:73,1
DA:77,67
DA:78,67
DA:79,1
DA:82,66
DA:89,66
DA:97,69
DA:98,6
DA:104,69
DA:105,63
DA:113,6
DA:280,63
DA:281,1
DA:287,62
DA:288,62
DA:291,12
DA:293,9
DA:295,6
DA:297,2
DA:301,4
DA:303,7
DA:305,3
DA:307,4
DA:311,4
DA:313,4
DA:315,4
DA:318,3
DA:324,24
DA:325,19
DA:329,5
DA:330,3
DA:331,3
DA:338,2
DA:349,12
DA:351,10
DA:369,9
DA:371,9
DA:372,5
DA:378,4
DA:380,4
DA:398,6
DA:400,6
DA:401,4
DA:407,2
DA:409,2
DA:423,2
DA:425,2
DA:442,4
DA:444,4
DA:462,7
DA:464,7
DA:465,2
DA:471,5
DA:473,2
DA:487,3
DA:489,3
DA:490,1
DA:496,2
DA:498,2
DA:516,4
DA:518,4
DA:519,1
DA:525,3
DA:527,3
DA:545,4
DA:547,4
DA:565,4
DA:567,4
DA:568,2
DA:574,2
DA:576,2
DA:590,4
DA:592,4
DA:593,1
DA:599,3
DA:601,3
LF:91
LH:91
BRDA:72,0,0,1
BRDA:78,1,0,1
BRDA:105,2,0,63
BRDA:105,2,1,0
BRDA:280,3,0,1
BRDA:288,4,0,12
BRDA:288,4,1,9
BRDA:288,4,2,6
BRDA:288,4,3,2
BRDA:288,4,4,4
BRDA:288,4,5,7
BRDA:288,4,6,3
BRDA:288,4,7,4
BRDA:288,4,8,4
BRDA:288,4,9,4
BRDA:288,4,10,4
BRDA:288,4,11,3
BRDA:324,5,0,19
BRDA:329,6,0,3
BRDA:329,7,0,5
BRDA:329,7,1,5
BRDA:329,7,2,4
BRDA:333,8,0,3
BRDA:333,8,1,0
BRDA:340,9,0,1
BRDA:340,9,1,1
BRDA:358,10,0,10
BRDA:358,10,1,7
BRDA:371,11,0,5
BRDA:371,12,0,9
BRDA:371,12,1,6
BRDA:400,13,0,4
BRDA:400,14,0,6
BRDA:400,14,1,4
BRDA:464,15,0,2
BRDA:464,16,0,7
BRDA:464,16,1,5
BRDA:489,17,0,1
BRDA:489,18,0,3
BRDA:489,18,1,2
BRDA:518,19,0,1
BRDA:518,20,0,4
BRDA:518,20,1,3
BRDA:567,21,0,2
BRDA:567,22,0,4
BRDA:567,22,1,2
BRDA:592,23,0,1
BRDA:592,24,0,4
BRDA:592,24,1,3
BRF:49
BRH:47
end_of_record
TN:
SF:src/config/index.ts
FN:143,(anonymous_0)
FN:151,(anonymous_1)
FN:195,(anonymous_2)
FN:202,(anonymous_3)
FN:206,(anonymous_4)
FN:210,(anonymous_5)
FN:214,(anonymous_6)
FN:221,(anonymous_7)
FN:252,(anonymous_8)
FN:264,(anonymous_9)
FN:275,(anonymous_10)
FN:285,(anonymous_11)
FN:303,(anonymous_12)
FN:369,(anonymous_13)
FN:372,(anonymous_14)
FN:386,(anonymous_15)
FN:406,loadConfiguration
FNF:17
FNH:17
FNDA:25,(anonymous_0)
FNDA:23,(anonymous_1)
FNDA:14,(anonymous_2)
FNDA:1,(anonymous_3)
FNDA:1,(anonymous_4)
FNDA:1,(anonymous_5)
FNDA:1,(anonymous_6)
FNDA:6,(anonymous_7)
FNDA:23,(anonymous_8)
FNDA:39,(anonymous_9)
FNDA:3,(anonymous_10)
FNDA:39,(anonymous_11)
FNDA:23,(anonymous_12)
FNDA:1074,(anonymous_13)
FNDA:45,(anonymous_14)
FNDA:10,(anonymous_15)
FNDA:3,loadConfiguration
DA:6,1
DA:7,1
DA:69,1
DA:101,1
DA:139,1
DA:144,25
DA:145,25
DA:152,23
DA:153,23
DA:155,23
DA:157,23
DA:158,6
DA:159,6
DA:160,1
DA:161,5
DA:162,1
DA:167,23
DA:170,23
DA:171,23
DA:172,5
DA:174,23
DA:175,3
DA:178,23
DA:185,0
DA:196,14
DA:203,1
DA:207,1
DA:211,1
DA:215,1
DA:222,6
DA:224,6
DA:225,6
DA:227,1
DA:233,5
DA:234,5
DA:237,4
DA:239,4
DA:242,1
DA:253,23
DA:254,437
DA:255,437
DA:256,39
DA:266,39
DA:267,36
DA:270,33
DA:271,14
DA:274,14
DA:275,3
DA:279,13
DA:286,39
DA:287,39
DA:289,39
DA:290,39
DA:291,39
DA:292,0
DA:294,39
DA:297,39
DA:304,23
DA:305,23
DA:308,23
DA:309,2
DA:312,23
DA:313,1
DA:316,23
DA:317,1
DA:320,23
DA:321,1
DA:325,23
DA:326,1
DA:329,23
DA:330,1
DA:333,23
DA:334,1
DA:338,23
DA:339,1
DA:342,23
DA:343,2
DA:347,23
DA:348,1
DA:351,23
DA:352,1
DA:355,23
DA:356,1
DA:359,23
DA:370,1074
DA:371,264
DA:372,264
DA:374,221
DA:375,221
DA:376,980
DA:377,980
DA:380,221
DA:387,10
DA:389,10
DA:390,15
DA:391,15
DA:392,6
DA:394,9
DA:399,10
DA:406,1
DA:410,3
DA:411,3
DA:412,3
DA:414,3
DA:420,1
LF:105
LH:103
BRDA:157,0,0,6
BRDA:159,1,0,1
BRDA:159,1,1,5
BRDA:159,2,0,6
BRDA:159,2,1,2
BRDA:161,3,0,1
BRDA:171,4,0,5
BRDA:171,5,0,23
BRDA:171,5,1,5
BRDA:174,6,0,3
BRDA:180,7,0,6
BRDA:180,7,1,17
BRDA:181,8,0,4
BRDA:181,8,1,19
BRDA:187,9,0,0
BRDA:187,9,1,0
BRDA:244,10,0,1
BRDA:244,10,1,0
BRDA:255,11,0,39
BRDA:266,12,0,3
BRDA:267,13,0,3
BRDA:270,14,0,19
BRDA:271,15,0,0
BRDA:274,16,0,1
BRDA:291,17,0,0
BRDA:291,18,0,39
BRDA:291,18,1,39
BRDA:308,19,0,2
BRDA:308,20,0,23
BRDA:308,20,1,21
BRDA:312,21,0,1
BRDA:312,22,0,23
BRDA:312,22,1,22
BRDA:316,23,0,1
BRDA:316,24,0,23
BRDA:316,24,1,23
BRDA:320,25,0,1
BRDA:325,26,0,1
BRDA:325,27,0,23
BRDA:325,27,1,22
BRDA:329,28,0,1
BRDA:333,29,0,1
BRDA:338,30,0,1
BRDA:342,31,0,2
BRDA:342,32,0,23
BRDA:342,32,1,2
BRDA:347,33,0,1
BRDA:351,34,0,1
BRDA:355,35,0,1
BRDA:361,36,0,5
BRDA:361,36,1,18
BRDA:362,37,0,3
BRDA:362,37,1,20
BRDA:370,38,0,810
BRDA:370,39,0,1074
BRDA:370,39,1,1074
BRDA:371,40,0,0
BRDA:372,41,0,43
BRDA:376,42,0,980
BRDA:390,43,0,15
BRDA:391,44,0,6
BRDA:391,44,1,9
BRDA:391,45,0,15
BRDA:391,45,1,14
BRDA:391,45,2,6
BRDA:392,46,0,6
BRDA:392,46,1,0
BRF:67
BRH:60
end_of_record
TN:
SF:src/services/component-service.ts
FN:27,(anonymous_0)
FN:34,(anonymous_1)
FN:57,(anonymous_2)
FN:69,(anonymous_3)
FN:73,(anonymous_4)
FN:86,(anonymous_5)
FN:94,(anonymous_6)
FN:98,(anonymous_7)
FN:102,(anonymous_8)
FN:115,(anonymous_9)
FN:123,(anonymous_10)
FN:127,(anonymous_11)
FN:131,(anonymous_12)
FN:144,(anonymous_13)
FN:152,(anonymous_14)
FN:154,(anonymous_15)
FN:160,(anonymous_16)
FN:162,(anonymous_17)
FN:168,(anonymous_18)
FN:181,(anonymous_19)
FN:198,(anonymous_20)
FN:205,(anonymous_21)
FN:219,(anonymous_22)
FN:230,(anonymous_23)
FN:232,(anonymous_24)
FN:239,(anonymous_25)
FN:240,(anonymous_26)
FN:255,(anonymous_27)
FN:256,(anonymous_28)
FN:266,(anonymous_29)
FN:267,(anonymous_30)
FN:282,(anonymous_31)
FNF:32
FNH:32
FNDA:129,(anonymous_0)
FNDA:21,(anonymous_1)
FNDA:27,(anonymous_2)
FNDA:30,(anonymous_3)
FNDA:10,(anonymous_4)
FNDA:5,(anonymous_5)
FNDA:3,(anonymous_6)
FNDA:4,(anonymous_7)
FNDA:2,(anonymous_8)
FNDA:8,(anonymous_9)
FNDA:3,(anonymous_10)
FNDA:4,(anonymous_11)
FNDA:2,(anonymous_12)
FNDA:3,(anonymous_13)
FNDA:1,(anonymous_14)
FNDA:2,(anonymous_15)
FNDA:1,(anonymous_16)
FNDA:2,(anonymous_17)
FNDA:16,(anonymous_18)
FNDA:25,(anonymous_19)
FNDA:20,(anonymous_20)
FNDA:23,(anonymous_21)
FNDA:2,(anonymous_22)
FNDA:2,(anonymous_23)
FNDA:4,(anonymous_24)
FNDA:17,(anonymous_25)
FNDA:34,(anonymous_26)
FNDA:4,(anonymous_27)
FNDA:2,(anonymous_28)
FNDA:3,(anonymous_29)
FNDA:2,(anonymous_30)
FNDA:14,(anonymous_31)
DA:24,4
DA:28,129
DA:35,21
DA:37,21
DA:38,1
DA:44,20
DA:47,20
DA:48,17
DA:51,20
DA:58,27
DA:59,1
DA:62,26
DA:64,26
DA:65,1
DA:68,25
DA:69,30
DA:72,25
DA:73,10
DA:74,5
DA:80,20
DA:87,5
DA:88,4
DA:95,3
DA:97,3
DA:98,4
DA:101,3
DA:102,2
DA:103,1
DA:109,2
DA:116,8
DA:117,7
DA:124,3
DA:126,3
DA:127,4
DA:130,3
DA:131,2
DA:132,1
DA:138,2
DA:145,3
DA:146,3
DA:153,1
DA:154,2
DA:161,1
DA:162,2
DA:169,16
DA:170,2
DA:173,14
DA:175,14
DA:176,1
DA:179,13
DA:181,13
DA:183,25
DA:184,7
DA:188,18
DA:189,2
DA:193,16
DA:194,3
DA:198,13
DA:199,20
DA:201,0
DA:205,13
DA:206,23
DA:209,1
DA:212,12
DA:220,2
DA:221,1
DA:224,1
DA:231,2
DA:232,4
DA:233,2
DA:240,17
DA:242,34
DA:244,2
DA:248,32
DA:250,2
DA:254,30
DA:255,4
DA:256,2
DA:257,2
DA:259,2
DA:260,1
DA:265,29
DA:266,3
DA:267,2
DA:268,2
DA:270,2
DA:271,1
DA:275,28
DA:283,14
LF:89
LH:88
BRDA:37,0,0,1
BRDA:47,1,0,17
BRDA:58,2,0,1
BRDA:58,3,0,27
BRDA:58,3,1,26
BRDA:64,4,0,1
BRDA:72,5,0,5
BRDA:101,6,0,1
BRDA:130,7,0,1
BRDA:169,8,0,2
BRDA:169,9,0,16
BRDA:169,9,1,14
BRDA:175,10,0,1
BRDA:183,11,0,7
BRDA:188,12,0,2
BRDA:193,13,0,3
BRDA:198,14,0,0
BRDA:205,15,0,1
BRDA:206,16,0,23
BRDA:206,16,1,22
BRDA:220,17,0,1
BRDA:220,18,0,2
BRDA:220,18,1,1
BRDA:242,19,0,2
BRDA:242,20,0,34
BRDA:242,20,1,8
BRDA:248,21,0,2
BRDA:248,22,0,32
BRDA:248,22,1,4
BRDA:254,23,0,2
BRDA:254,24,0,30
BRDA:254,24,1,2
BRDA:259,25,0,1
BRDA:265,26,0,2
BRDA:265,27,0,29
BRDA:265,27,1,2
BRDA:270,28,0,1
BRF:37
BRH:36
end_of_record
TN:
SF:src/services/design-token-service.ts
FN:26,(anonymous_0)
FN:33,(anonymous_1)
FN:56,(anonymous_2)
FN:68,(anonymous_3)
FN:72,(anonymous_4)
FN:86,(anonymous_5)
FN:99,(anonymous_6)
FN:116,(anonymous_7)
FN:123,(anonymous_8)
FN:136,(anonymous_9)
FN:147,(anonymous_10)
FN:149,(anonymous_11)
FN:156,(anonymous_12)
FN:164,(anonymous_13)
FN:172,(anonymous_14)
FN:179,(anonymous_15)
FN:186,(anonymous_16)
FN:193,(anonymous_17)
FN:204,(anonymous_18)
FN:215,(anonymous_19)
FN:216,(anonymous_20)
FN:233,(anonymous_21)
FN:234,(anonymous_22)
FN:250,(anonymous_23)
FNF:24
FNH:24
FNDA:135,(anonymous_0)
FNDA:69,(anonymous_1)
FNDA:20,(anonymous_2)
FNDA:35,(anonymous_3)
FNDA:20,(anonymous_4)
FNDA:23,(anonymous_5)
FNDA:82,(anonymous_6)
FNDA:104,(anonymous_7)
FNDA:11,(anonymous_8)
FNDA:5,(anonymous_9)
FNDA:25,(anonymous_10)
FNDA:103,(anonymous_11)
FNDA:2,(anonymous_12)
FNDA:2,(anonymous_13)
FNDA:1,(anonymous_14)
FNDA:1,(anonymous_15)
FNDA:5,(anonymous_16)
FNDA:24,(anonymous_17)
FNDA:4,(anonymous_18)
FNDA:39,(anonymous_19)
FNDA:276,(anonymous_20)
FNDA:33,(anonymous_21)
FNDA:51,(anonymous_22)
FNDA:24,(anonymous_23)
DA:23,4
DA:27,135
DA:34,69
DA:36,69
DA:37,4
DA:43,65
DA:46,65
DA:47,39
DA:50,65
DA:57,20
DA:58,3
DA:61,17
DA:63,17
DA:64,2
DA:67,15
DA:68,35
DA:71,15
DA:72,20
DA:73,4
DA:80,11
DA:87,23
DA:88,4
DA:91,19
DA:93,19
DA:94,2
DA:97,17
DA:99,17
DA:101,82
DA:102,8
DA:106,74
DA:107,3
DA:111,71
DA:112,4
DA:116,67
DA:117,104
DA:119,2
DA:123,65
DA:124,11
DA:126,1
DA:129,64
DA:137,5
DA:138,2
DA:141,3
DA:148,25
DA:149,103
DA:150,25
DA:157,2
DA:158,2
DA:165,2
DA:166,2
DA:173,1
DA:180,1
DA:187,5
DA:189,5
DA:190,1
DA:193,4
DA:194,24
DA:195,18
DA:197,6
DA:205,4
DA:206,2
DA:209,2
DA:216,39
DA:218,276
DA:219,33
DA:223,243
DA:224,39
DA:225,39
DA:226,18
DA:231,225
DA:232,33
DA:233,33
DA:234,33
DA:235,51
DA:238,33
DA:239,28
DA:243,197
DA:251,24
LF:78
LH:78
BRDA:36,0,0,4
BRDA:46,1,0,39
BRDA:57,2,0,3
BRDA:57,3,0,20
BRDA:57,3,1,18
BRDA:63,4,0,2
BRDA:71,5,0,4
BRDA:74,6,0,0
BRDA:74,6,1,4
BRDA:87,7,0,4
BRDA:87,8,0,23
BRDA:87,8,1,20
BRDA:93,9,0,2
BRDA:101,10,0,8
BRDA:106,11,0,3
BRDA:111,12,0,4
BRDA:116,13,0,2
BRDA:123,14,0,1
BRDA:137,15,0,2
BRDA:137,16,0,5
BRDA:137,16,1,4
BRDA:158,17,0,2
BRDA:158,17,1,1
BRDA:166,18,0,2
BRDA:166,18,1,1
BRDA:189,19,0,1
BRDA:194,20,0,18
BRDA:205,21,0,2
BRDA:205,22,0,4
BRDA:205,22,1,3
BRDA:218,23,0,33
BRDA:218,24,0,276
BRDA:218,24,1,57
BRDA:223,25,0,39
BRDA:225,26,0,18
BRDA:231,27,0,33
BRDA:231,28,0,225
BRDA:231,28,1,33
BRDA:232,29,0,33
BRDA:232,29,1,5
BRDA:238,30,0,28
BRF:41
BRH:40
end_of_record
TN:
SF:src/services/guidelines-service.ts
FN:39,(anonymous_2)
FN:48,(anonymous_3)
FN:49,(anonymous_4)
FN:74,(anonymous_5)
FN:75,(anonymous_6)
FN:91,(anonymous_7)
FN:95,(anonymous_8)
FN:110,(anonymous_9)
FN:111,(anonymous_10)
FN:128,(anonymous_11)
FN:145,(anonymous_12)
FN:160,(anonymous_13)
FN:173,(anonymous_14)
FN:175,(anonymous_15)
FN:183,(anonymous_16)
FN:196,(anonymous_17)
FN:198,(anonymous_18)
FN:207,(anonymous_19)
FN:220,(anonymous_20)
FN:233,(anonymous_21)
FN:242,(anonymous_22)
FN:250,(anonymous_23)
FN:251,(anonymous_24)
FN:260,(anonymous_25)
FN:261,(anonymous_26)
FN:272,(anonymous_27)
FN:283,(anonymous_28)
FNF:27
FNH:25
FNDA:133,(anonymous_2)
FNDA:29,(anonymous_3)
FNDA:19,(anonymous_4)
FNDA:15,(anonymous_5)
FNDA:9,(anonymous_6)
FNDA:12,(anonymous_7)
FNDA:7,(anonymous_8)
FNDA:13,(anonymous_9)
FNDA:12,(anonymous_10)
FNDA:41,(anonymous_11)
FNDA:107,(anonymous_12)
FNDA:2,(anonymous_13)
FNDA:2,(anonymous_14)
FNDA:0,(anonymous_15)
FNDA:2,(anonymous_16)
FNDA:2,(anonymous_17)
FNDA:0,(anonymous_18)
FNDA:3,(anonymous_19)
FNDA:3,(anonymous_20)
FNDA:3,(anonymous_21)
FNDA:3,(anonymous_22)
FNDA:17,(anonymous_23)
FNDA:52,(anonymous_24)
FNDA:36,(anonymous_25)
FNDA:12,(anonymous_26)
FNDA:5,(anonymous_27)
FNDA:7,(anonymous_28)
DA:7,4
DA:8,4
DA:16,4
DA:28,4
DA:30,133
DA:40,133
DA:41,133
DA:48,4
DA:49,29
DA:50,19
DA:52,19
DA:53,1
DA:59,18
DA:62,18
DA:63,17
DA:66,18
DA:74,4
DA:75,15
DA:76,9
DA:77,1
DA:81,8
DA:83,8
DA:84,1
DA:90,7
DA:91,12
DA:94,7
DA:95,7
DA:96,2
DA:102,5
DA:110,4
DA:111,13
DA:112,12
DA:113,1
DA:117,11
DA:119,11
DA:120,0
DA:126,11
DA:128,11
DA:130,41
DA:131,8
DA:135,33
DA:136,1
DA:140,32
DA:141,0
DA:145,32
DA:146,107
DA:148,2
DA:151,30
DA:160,4
DA:161,2
DA:162,1
DA:166,1
DA:173,4
DA:174,2
DA:175,0
DA:176,0
DA:183,4
DA:184,2
DA:185,1
DA:189,1
DA:196,4
DA:197,2
DA:198,0
DA:199,0
DA:200,0
DA:207,4
DA:208,3
DA:209,1
DA:213,2
DA:220,4
DA:221,3
DA:222,1
DA:226,2
DA:233,4
DA:234,3
DA:235,0
DA:242,4
DA:243,3
DA:244,0
DA:251,17
DA:253,52
DA:255,7
DA:259,45
DA:260,36
DA:261,10
DA:262,12
DA:264,10
DA:265,8
DA:270,37
DA:271,5
DA:272,5
DA:273,5
DA:275,5
DA:276,1
DA:281,36
DA:282,5
DA:283,5
DA:284,7
DA:286,5
DA:287,3
DA:291,33
LF:101
LH:92
BRDA:52,0,0,1
BRDA:62,1,0,17
BRDA:76,2,0,1
BRDA:76,3,0,9
BRDA:76,3,1,8
BRDA:83,4,0,1
BRDA:94,5,0,2
BRDA:112,6,0,1
BRDA:112,7,0,12
BRDA:112,7,1,11
BRDA:119,8,0,0
BRDA:130,9,0,8
BRDA:135,10,0,1
BRDA:140,11,0,0
BRDA:145,12,0,2
BRDA:161,13,0,1
BRDA:161,14,0,2
BRDA:161,14,1,1
BRDA:184,15,0,1
BRDA:184,16,0,2
BRDA:184,16,1,1
BRDA:208,17,0,1
BRDA:208,18,0,3
BRDA:208,18,1,2
BRDA:221,19,0,1
BRDA:221,20,0,3
BRDA:221,20,1,2
BRDA:235,21,0,0
BRDA:235,21,1,0
BRDA:244,22,0,0
BRDA:244,22,1,0
BRDA:253,23,0,7
BRDA:253,24,0,52
BRDA:253,24,1,12
BRDA:259,25,0,10
BRDA:259,26,0,45
BRDA:259,26,1,10
BRDA:264,27,0,8
BRDA:270,28,0,5
BRDA:271,29,0,5
BRDA:271,29,1,0
BRDA:275,30,0,1
BRDA:281,31,0,5
BRDA:282,32,0,5
BRDA:282,32,1,0
BRDA:286,33,0,3
BRDA:48,34,0,4
BRDA:48,34,1,0
BRDA:48,35,0,4
BRDA:48,35,1,4
BRDA:74,36,0,4
BRDA:74,36,1,0
BRDA:74,37,0,4
BRDA:74,37,1,4
BRDA:110,38,0,4
BRDA:110,38,1,0
BRDA:110,39,0,4
BRDA:110,39,1,4
BRDA:160,40,0,4
BRDA:160,40,1,0
BRDA:160,41,0,4
BRDA:160,41,1,4
BRDA:173,42,0,4
BRDA:173,42,1,0
BRDA:173,43,0,4
BRDA:173,43,1,4
BRDA:183,44,0,4
BRDA:183,44,1,0
BRDA:183,45,0,4
BRDA:183,45,1,4
BRDA:196,46,0,4
BRDA:196,46,1,0
BRDA:196,47,0,4
BRDA:196,47,1,4
BRDA:207,48,0,4
BRDA:207,48,1,0
BRDA:207,49,0,4
BRDA:207,49,1,4
BRDA:220,50,0,4
BRDA:220,50,1,0
BRDA:220,51,0,4
BRDA:220,51,1,4
BRDA:233,52,0,4
BRDA:233,52,1,0
BRDA:233,53,0,4
BRDA:233,53,1,4
BRDA:242,54,0,4
BRDA:242,54,1,0
BRDA:242,55,0,4
BRDA:242,55,1,4
BRF:90
BRH:71
end_of_record
TN:
SF:src/utils/circuit-breaker.ts
FN:9,(anonymous_0)
FN:53,(anonymous_1)
FN:67,(anonymous_2)
FN:119,(anonymous_3)
FN:120,(anonymous_4)
FN:121,(anonymous_5)
FN:130,(anonymous_6)
FN:134,(anonymous_7)
FN:144,(anonymous_8)
FN:172,(anonymous_9)
FN:207,(anonymous_10)
FN:214,(anonymous_11)
FN:221,(anonymous_12)
FN:227,(anonymous_13)
FN:234,(anonymous_14)
FN:244,(anonymous_15)
FN:269,(anonymous_16)
FN:294,(anonymous_17)
FN:318,(anonymous_18)
FN:335,(anonymous_19)
FN:342,(anonymous_20)
FN:358,(anonymous_21)
FN:390,(anonymous_22)
FN:400,(anonymous_23)
FN:406,(anonymous_24)
FN:423,(anonymous_25)
FN:436,(anonymous_26)
FNF:27
FNH:25
FNDA:5,(anonymous_0)
FNDA:13,(anonymous_1)
FNDA:64,(anonymous_2)
FNDA:46,(anonymous_3)
FNDA:46,(anonymous_4)
FNDA:1,(anonymous_5)
FNDA:35,(anonymous_6)
FNDA:10,(anonymous_7)
FNDA:35,(anonymous_8)
FNDA:11,(anonymous_9)
FNDA:46,(anonymous_10)
FNDA:304,(anonymous_11)
FNDA:11,(anonymous_12)
FNDA:78,(anonymous_13)
FNDA:18,(anonymous_14)
FNDA:0,(anonymous_15)
FNDA:4,(anonymous_16)
FNDA:0,(anonymous_17)
FNDA:93,(anonymous_18)
FNDA:6,(anonymous_19)
FNDA:2,(anonymous_20)
FNDA:17,(anonymous_21)
FNDA:5,(anonymous_22)
FNDA:138,(anonymous_23)
FNDA:2,(anonymous_24)
FNDA:1,(anonymous_25)
FNDA:4,(anonymous_26)
DA:5,5
DA:6,5
DA:7,5
DA:9,5
DA:10,5
DA:11,5
DA:12,5
DA:39,5
DA:41,13
DA:42,13
DA:43,13
DA:47,13
DA:48,13
DA:49,13
DA:50,13
DA:51,13
DA:54,13
DA:55,13
DA:57,13
DA:68,64
DA:71,64
DA:72,18
DA:73,0
DA:75,18
DA:80,18
DA:81,18
DA:86,46
DA:87,0
DA:88,0
DA:93,0
DA:94,0
DA:96,0
DA:99,46
DA:101,46
DA:103,46
DA:104,35
DA:106,35
DA:107,35
DA:110,11
DA:111,11
DA:112,11
DA:120,46
DA:121,46
DA:122,1
DA:129,46
DA:131,35
DA:132,35
DA:135,10
DA:136,10
DA:145,35
DA:146,35
DA:147,35
DA:149,35
DA:151,35
DA:159,35
DA:161,0
DA:162,0
DA:166,35
DA:173,11
DA:174,11
DA:175,11
DA:177,11
DA:179,11
DA:186,11
DA:197,11
DA:198,2
DA:201,11
DA:208,46
DA:209,46
DA:212,46
DA:213,46
DA:214,304
DA:222,11
DA:223,0
DA:227,78
DA:228,11
DA:235,18
DA:236,0
DA:238,18
DA:245,0
DA:246,0
DA:247,0
DA:248,0
DA:249,0
DA:250,0
DA:252,0
DA:259,0
DA:270,4
DA:271,4
DA:272,4
DA:273,4
DA:275,4
DA:284,4
DA:295,0
DA:296,0
DA:297,0
DA:298,0
DA:299,0
DA:301,0
DA:308,0
DA:319,93
DA:336,6
DA:343,2
DA:344,2
DA:346,2
DA:347,0
DA:348,2
DA:349,2
DA:350,0
DA:351,0
DA:359,17
DA:360,17
DA:361,17
DA:362,17
DA:363,17
DA:364,17
DA:365,17
DA:366,17
DA:367,17
DA:368,17
DA:369,17
DA:371,17
DA:376,17
DA:383,5
DA:384,5
DA:391,5
DA:392,5
DA:394,5
DA:401,138
DA:402,7
DA:403,7
DA:406,7
DA:407,2
DA:417,138
DA:424,1
DA:426,1
DA:427,3
DA:430,1
DA:437,4
DA:438,10
DA:441,4
DA:449,5
LF:142
LH:114
BRDA:9,0,0,5
BRDA:9,0,1,5
BRDA:71,1,0,18
BRDA:72,2,0,0
BRDA:72,2,1,18
BRDA:86,3,0,0
BRDA:87,4,0,0
BRDA:159,5,0,0
BRDA:161,6,0,0
BRDA:179,7,0,7
BRDA:179,7,1,4
BRDA:181,8,0,4
BRDA:181,8,1,0
BRDA:182,9,0,4
BRDA:182,9,1,0
BRDA:197,10,0,2
BRDA:222,11,0,0
BRDA:235,12,0,0
BRDA:346,13,0,0
BRDA:346,13,1,2
BRDA:348,14,0,2
BRDA:348,14,1,0
BRDA:350,15,0,0
BRDA:391,16,0,5
BRDA:401,17,0,7
BRF:25
BRH:13
end_of_record
TN:
SF:src/utils/data-manager.ts
FN:45,(anonymous_0)
FN:57,(anonymous_1)
FN:70,(anonymous_2)
FN:134,(anonymous_3)
FN:141,(anonymous_4)
FN:152,(anonymous_5)
FN:162,(anonymous_6)
FN:168,(anonymous_7)
FN:172,(anonymous_8)
FN:179,(anonymous_9)
FN:191,(anonymous_10)
FN:208,(anonymous_11)
FN:213,(anonymous_12)
FN:218,(anonymous_13)
FN:223,(anonymous_14)
FN:231,(anonymous_15)
FN:233,(anonymous_16)
FN:250,(anonymous_17)
FN:270,(anonymous_18)
FN:290,(anonymous_19)
FN:310,(anonymous_20)
FN:330,(anonymous_21)
FN:345,(anonymous_22)
FN:351,(anonymous_23)
FN:362,(anonymous_24)
FN:382,(anonymous_25)
FNF:26
FNH:20
FNDA:49,(anonymous_0)
FNDA:26,(anonymous_1)
FNDA:56,(anonymous_2)
FNDA:79,(anonymous_3)
FNDA:3,(anonymous_4)
FNDA:2,(anonymous_5)
FNDA:0,(anonymous_6)
FNDA:0,(anonymous_7)
FNDA:1,(anonymous_8)
FNDA:0,(anonymous_9)
FNDA:25,(anonymous_10)
FNDA:18,(anonymous_11)
FNDA:0,(anonymous_12)
FNDA:1,(anonymous_13)
FNDA:0,(anonymous_14)
FNDA:19,(anonymous_15)
FNDA:18,(anonymous_16)
FNDA:43,(anonymous_17)
FNDA:6,(anonymous_18)
FNDA:43,(anonymous_19)
FNDA:8,(anonymous_20)
FNDA:43,(anonymous_21)
FNDA:69,(anonymous_22)
FNDA:69,(anonymous_23)
FNDA:0,(anonymous_24)
FNDA:47,(anonymous_25)
DA:5,5
DA:6,5
DA:7,5
DA:8,5
DA:10,5
DA:39,5
DA:41,49
DA:42,49
DA:43,49
DA:46,49
DA:47,49
DA:58,26
DA:60,26
DA:61,25
DA:64,26
DA:71,56
DA:72,13
DA:75,43
DA:76,43
DA:78,43
DA:80,43
DA:81,43
DA:82,6
DA:86,43
DA:87,43
DA:88,4
DA:92,43
DA:93,43
DA:94,4
DA:98,43
DA:99,39
DA:106,39
DA:108,39
DA:115,4
DA:121,0
DA:122,0
DA:127,43
DA:135,79
DA:142,3
DA:144,2
DA:145,2
DA:146,2
DA:153,2
DA:154,1
DA:157,1
DA:160,1
DA:161,1
DA:162,0
DA:166,1
DA:167,1
DA:168,0
DA:172,1
DA:177,1
DA:178,1
DA:179,0
DA:182,1
DA:192,25
DA:193,0
DA:196,25
DA:202,25
DA:208,25
DA:209,18
DA:210,18
DA:213,25
DA:214,0
DA:215,0
DA:218,25
DA:219,1
DA:220,1
DA:223,25
DA:224,0
DA:233,19
DA:234,18
DA:235,18
DA:236,18
DA:237,6
DA:239,12
DA:242,0
DA:251,43
DA:252,43
DA:255,43
DA:256,43
DA:258,3
DA:261,40
DA:262,40
DA:265,39
DA:267,39
DA:268,2
DA:270,6
DA:274,37
DA:280,1
DA:291,43
DA:292,43
DA:295,43
DA:296,43
DA:298,2
DA:301,41
DA:302,41
DA:305,40
DA:307,40
DA:308,1
DA:310,8
DA:314,39
DA:320,1
DA:331,43
DA:332,43
DA:335,43
DA:336,43
DA:338,2
DA:341,41
DA:342,41
DA:345,69
DA:351,69
DA:357,39
DA:359,39
DA:360,0
DA:362,0
DA:366,39
DA:372,2
DA:383,47
DA:384,25
DA:385,25
DA:387,47
DA:388,47
LF:124
LH:112
BRDA:49,0,0,49
BRDA:49,0,1,2
BRDA:50,1,0,49
BRDA:50,1,1,26
BRDA:60,2,0,25
BRDA:60,3,0,26
BRDA:60,3,1,25
BRDA:71,4,0,13
BRDA:81,5,0,6
BRDA:82,6,0,6
BRDA:82,6,1,0
BRDA:87,7,0,4
BRDA:88,8,0,4
BRDA:88,8,1,0
BRDA:93,9,0,4
BRDA:94,10,0,4
BRDA:94,10,1,0
BRDA:98,11,0,39
BRDA:98,12,0,43
BRDA:98,12,1,6
BRDA:98,12,2,4
BRDA:100,13,0,39
BRDA:100,13,1,2
BRDA:101,14,0,39
BRDA:101,14,1,0
BRDA:102,15,0,39
BRDA:102,15,1,0
BRDA:111,16,0,2
BRDA:111,16,1,37
BRDA:117,17,0,4
BRDA:117,17,1,0
BRDA:121,18,0,0
BRDA:121,18,1,0
BRDA:142,19,0,1
BRDA:153,20,0,1
BRDA:161,21,0,0
BRDA:161,22,0,1
BRDA:161,22,1,0
BRDA:167,23,0,0
BRDA:167,24,0,1
BRDA:167,24,1,0
BRDA:178,25,0,0
BRDA:178,26,0,1
BRDA:178,26,1,0
BRDA:184,27,0,0
BRDA:184,27,1,1
BRDA:192,28,0,0
BRDA:236,29,0,6
BRDA:236,29,1,12
BRDA:242,30,0,0
BRDA:242,30,1,0
BRDA:265,31,0,38
BRDA:265,31,1,1
BRDA:267,32,0,2
BRDA:276,33,0,37
BRDA:276,33,1,0
BRDA:282,34,0,1
BRDA:282,34,1,0
BRDA:305,35,0,39
BRDA:305,35,1,1
BRDA:307,36,0,1
BRDA:316,37,0,39
BRDA:316,37,1,0
BRDA:322,38,0,1
BRDA:322,38,1,0
BRDA:345,39,0,39
BRDA:345,39,1,1
BRDA:359,40,0,0
BRDA:374,41,0,2
BRDA:374,41,1,0
BRDA:383,42,0,25
BRF:71
BRH:47
end_of_record
TN:
SF:src/utils/errors.ts
FN:7,(anonymous_0)
FN:58,(anonymous_1)
FN:88,(anonymous_2)
FN:103,(anonymous_3)
FN:106,(anonymous_4)
FN:116,(anonymous_5)
FN:133,(anonymous_6)
FN:149,(anonymous_7)
FN:166,(anonymous_8)
FN:191,(anonymous_9)
FN:212,(anonymous_10)
FN:233,(anonymous_11)
FN:257,(anonymous_12)
FN:287,(anonymous_13)
FN:312,(anonymous_14)
FN:322,(anonymous_15)
FN:350,(anonymous_16)
FN:372,handleErrors
FN:379,(anonymous_18)
FNF:19
FNH:18
FNDA:5,(anonymous_0)
FNDA:54,(anonymous_1)
FNDA:15,(anonymous_2)
FNDA:1,(anonymous_3)
FNDA:2,(anonymous_4)
FNDA:5,(anonymous_5)
FNDA:4,(anonymous_6)
FNDA:9,(anonymous_7)
FNDA:21,(anonymous_8)
FNDA:2,(anonymous_9)
FNDA:2,(anonymous_10)
FNDA:1,(anonymous_11)
FNDA:47,(anonymous_12)
FNDA:1,(anonymous_13)
FNDA:3,(anonymous_14)
FNDA:4,(anonymous_15)
FNDA:0,(anonymous_16)
FNDA:44,handleErrors
FNDA:77,(anonymous_18)
DA:5,5
DA:7,5
DA:9,5
DA:10,5
DA:11,5
DA:12,5
DA:15,5
DA:16,5
DA:17,5
DA:20,5
DA:21,5
DA:22,5
DA:25,5
DA:26,5
DA:27,5
DA:30,5
DA:31,5
DA:32,5
DA:33,5
DA:49,5
DA:59,54
DA:61,54
DA:62,54
DA:63,54
DA:64,54
DA:65,54
DA:66,54
DA:67,54
DA:68,54
DA:71,54
DA:72,54
DA:76,54
DA:89,15
DA:104,1
DA:105,1
DA:106,2
DA:108,0
DA:115,5
DA:117,5
DA:132,5
DA:134,4
DA:148,5
DA:150,9
DA:165,5
DA:167,21
DA:171,21
DA:190,5
DA:192,2
DA:211,5
DA:213,2
DA:232,5
DA:234,1
DA:253,5
DA:258,47
DA:259,44
DA:262,3
DA:263,1
DA:274,2
DA:275,2
DA:297,1
DA:313,3
DA:314,2
DA:316,1
DA:323,4
DA:327,1
DA:331,1
DA:336,1
DA:340,1
DA:343,0
DA:351,0
DA:352,0
DA:354,0
DA:356,0
DA:357,0
DA:359,0
DA:360,0
DA:363,0
DA:364,0
DA:372,5
DA:373,44
DA:374,0
DA:377,44
DA:379,44
DA:380,77
DA:381,77
DA:383,77
DA:384,77
DA:386,77
DA:387,34
DA:389,34
DA:390,34
DA:393,43
DA:394,43
DA:400,43
DA:401,43
DA:405,44
LF:96
LH:84
BRDA:7,0,0,5
BRDA:7,0,1,5
BRDA:66,1,0,54
BRDA:66,1,1,5
BRDA:67,2,0,54
BRDA:67,2,1,6
BRDA:71,3,0,54
BRDA:82,4,0,54
BRDA:82,4,1,49
BRDA:105,5,0,1
BRDA:105,6,0,1
BRDA:105,6,1,1
BRDA:167,7,0,19
BRDA:167,7,1,2
BRDA:258,8,0,44
BRDA:262,9,0,1
BRDA:274,10,0,1
BRDA:274,10,1,1
BRDA:313,11,0,2
BRDA:323,12,0,1
BRDA:323,12,1,1
BRDA:323,12,2,1
BRDA:323,12,3,1
BRDA:323,12,4,1
BRDA:323,12,5,1
BRDA:323,12,6,1
BRDA:323,12,7,1
BRDA:323,12,8,1
BRDA:323,12,9,1
BRDA:323,12,10,0
BRDA:354,13,0,0
BRDA:354,13,1,0
BRDA:354,13,2,0
BRDA:354,13,3,0
BRDA:373,14,0,0
BRDA:373,15,0,44
BRDA:373,15,1,44
BRF:37
BRH:31
end_of_record
TN:
SF:src/utils/logger.ts
FN:8,(anonymous_1)
FN:42,(anonymous_2)
FN:64,(anonymous_3)
FN:130,(anonymous_4)
FN:145,(anonymous_5)
FN:157,(anonymous_6)
FN:168,(anonymous_7)
FN:179,(anonymous_8)
FN:190,(anonymous_9)
FN:201,(anonymous_10)
FN:212,(anonymous_11)
FN:223,(anonymous_12)
FN:234,(anonymous_13)
FN:247,(anonymous_14)
FN:260,(anonymous_15)
FN:283,(anonymous_16)
FN:288,(anonymous_17)
FN:299,(anonymous_18)
FN:306,(anonymous_19)
FNF:19
FNH:14
FNDA:5,(anonymous_1)
FNDA:12,(anonymous_2)
FNDA:0,(anonymous_3)
FNDA:5,(anonymous_4)
FNDA:99,(anonymous_5)
FNDA:16,(anonymous_6)
FNDA:170,(anonymous_7)
FNDA:0,(anonymous_8)
FNDA:0,(anonymous_9)
FNDA:149,(anonymous_10)
FNDA:0,(anonymous_11)
FNDA:78,(anonymous_12)
FNDA:35,(anonymous_13)
FNDA:44,(anonymous_14)
FNDA:434,(anonymous_15)
FNDA:1,(anonymous_16)
FNDA:0,(anonymous_17)
FNDA:1,(anonymous_18)
FNDA:2,(anonymous_19)
DA:5,5
DA:6,5
DA:8,5
DA:9,5
DA:10,5
DA:11,5
DA:12,5
DA:13,5
DA:14,5
DA:15,5
DA:38,5
DA:53,12
DA:55,12
DA:58,12
DA:59,1
DA:65,0
DA:67,0
DA:75,12
DA:76,0
DA:95,12
DA:108,12
DA:117,12
DA:136,5
DA:137,5
DA:139,5
DA:146,99
DA:158,16
DA:169,170
DA:180,0
DA:191,0
DA:202,149
DA:213,0
DA:224,78
DA:235,35
DA:248,44
DA:261,434
DA:263,434
DA:269,434
DA:270,98
DA:277,434
DA:284,1
DA:287,1
DA:288,1
DA:289,0
DA:290,0
DA:293,1
DA:300,1
DA:307,2
DA:312,5
LF:49
LH:41
BRDA:8,0,0,5
BRDA:8,0,1,5
BRDA:49,1,0,1
BRDA:50,2,0,1
BRDA:51,3,0,1
BRDA:52,4,0,7
BRDA:53,5,0,12
BRDA:53,5,1,1
BRDA:58,6,0,1
BRDA:65,7,0,0
BRDA:65,7,1,0
BRDA:75,8,0,0
BRDA:136,9,0,5
BRDA:227,10,0,78
BRDA:227,10,1,0
BRDA:239,11,0,35
BRDA:239,11,1,0
BRDA:240,12,0,29
BRDA:240,12,1,6
BRDA:269,13,0,98
BRDA:313,14,0,5
BRDA:313,14,1,5
BRDA:316,15,0,5
BRDA:316,15,1,5
BRF:24
BRH:19
end_of_record
TN:
SF:src/utils/serialization.ts
FN:10,isDesignToken
FN:25,isComponent
FN:44,isGuideline
FN:61,serializeDesignToken
FN:76,serializeComponent
FN:92,serializeGuideline
FN:110,deserializeDesignToken
FN:125,deserializeComponent
FN:141,deserializeGuideline
FN:161,safeJsonParse
FN:176,safeJsonStringify
FNF:11
FNH:11
FNDA:5,isDesignToken
FNDA:4,isComponent
FNDA:4,isGuideline
FNDA:1,serializeDesignToken
FNDA:1,serializeComponent
FNDA:1,serializeGuideline
FNDA:1,deserializeDesignToken
FNDA:1,deserializeComponent
FNDA:1,deserializeGuideline
FNDA:2,safeJsonParse
FNDA:2,safeJsonStringify
DA:10,1
DA:11,5
DA:13,4
DA:14,4
DA:25,1
DA:26,4
DA:28,3
DA:29,3
DA:44,1
DA:45,4
DA:47,3
DA:48,3
DA:61,1
DA:62,1
DA:76,1
DA:77,1
DA:92,1
DA:93,1
DA:110,1
DA:111,1
DA:125,1
DA:126,1
DA:141,1
DA:142,1
DA:146,1
DA:161,1
DA:162,2
DA:163,2
DA:164,1
DA:166,1
DA:176,1
DA:177,2
DA:178,2
DA:179,1
DA:181,1
LF:35
LH:35
BRDA:11,0,0,1
BRDA:11,1,0,5
BRDA:11,1,1,5
BRDA:15,2,0,4
BRDA:15,2,1,3
BRDA:15,2,2,1
BRDA:15,2,3,2
BRDA:15,2,4,2
BRDA:26,3,0,1
BRDA:26,4,0,4
BRDA:26,4,1,4
BRDA:30,5,0,3
BRDA:30,5,1,2
BRDA:30,5,2,1
BRDA:30,5,3,1
BRDA:30,5,4,1
BRDA:30,5,5,1
BRDA:30,5,6,1
BRDA:30,5,7,1
BRDA:45,6,0,1
BRDA:45,7,0,4
BRDA:45,7,1,4
BRDA:49,8,0,3
BRDA:49,8,1,2
BRDA:49,8,2,1
BRDA:49,8,3,1
BRDA:49,8,4,1
BRDA:49,8,5,1
BRDA:49,8,6,0
BRDA:99,9,0,1
BRDA:99,9,1,0
BRDA:142,10,0,1
BRDA:142,10,1,0
BRDA:168,11,0,1
BRDA:168,11,1,0
BRDA:183,12,0,1
BRDA:183,12,1,0
BRF:37
BRH:32
end_of_record
TN:
SF:src/utils/validation.ts
FN:17,loadSchemas
FN:88,validateDesignTokenData
FN:92,(anonymous_3)
FN:101,validateComponentData
FN:105,(anonymous_5)
FN:114,validateGuidelineData
FN:118,(anonymous_7)
FN:127,validateDesignTokens
FN:133,(anonymous_9)
FN:146,validateComponents
FN:152,(anonymous_11)
FN:165,validateGuidelines
FN:171,(anonymous_13)
FNF:13
FNH:12
FNDA:6,loadSchemas
FNDA:223,validateDesignTokenData
FNDA:9,(anonymous_3)
FNDA:72,validateComponentData
FNDA:15,(anonymous_5)
FNDA:72,validateGuidelineData
FNDA:6,(anonymous_7)
FNDA:41,validateDesignTokens
FNDA:6,(anonymous_9)
FNDA:41,validateComponents
FNDA:8,(anonymous_11)
FNDA:40,validateGuidelines
FNDA:0,(anonymous_13)
DA:5,6
DA:6,6
DA:7,6
DA:9,6
DA:13,6
DA:14,6
DA:18,6
DA:20,6
DA:23,6
DA:26,6
DA:30,6
DA:33,0
DA:73,6
DA:76,6
DA:77,6
DA:78,6
DA:88,6
DA:89,223
DA:90,223
DA:93,9
DA:101,6
DA:102,72
DA:103,72
DA:106,15
DA:114,6
DA:115,72
DA:116,72
DA:119,6
DA:127,6
DA:128,41
DA:130,41
DA:131,220
DA:132,220
DA:133,6
DA:137,41
DA:146,6
DA:147,41
DA:149,41
DA:150,70
DA:151,70
DA:152,8
DA:156,41
DA:165,6
DA:166,40
DA:168,40
DA:169,69
DA:170,69
DA:171,0
DA:175,40
LF:49
LH:47
BRDA:92,0,0,219
BRDA:92,0,1,4
BRDA:105,1,0,70
BRDA:105,1,1,2
BRDA:118,2,0,70
BRDA:118,2,1,2
BRDA:132,3,0,2
BRDA:132,4,0,220
BRDA:132,4,1,2
BRDA:139,5,0,2
BRDA:139,5,1,39
BRDA:151,6,0,1
BRDA:151,7,0,70
BRDA:151,7,1,1
BRDA:158,8,0,1
BRDA:158,8,1,40
BRDA:170,9,0,0
BRDA:170,10,0,69
BRDA:170,10,1,0
BRDA:177,11,0,0
BRDA:177,11,1,40
BRF:21
BRH:18
end_of_record
